# JRE version: OpenJDK Runtime Environment (8.0_25-b17) (build 1.8.0_25-b17)
# Java VM: OpenJDK 64-Bit Server VM (25.25-b02 mixed mode linux-amd64 compressed oops)
Heap:
 PSYoungGen      total 202240K, used 129340K [0x000000076c700000, 0x000000077e180000, 0x00000007c0000000)
  eden space 192000K, 62% used [0x000000076c700000,0x0000000773b788d0,0x0000000778280000)
  from space 10240K, 98% used [0x000000077d780000,0x000000077e156768,0x000000077e180000)
  to   space 19968K, 0% used [0x000000077ba80000,0x000000077ba80000,0x000000077ce00000)
 ParOldGen       total 126976K, used 22852K [0x00000006c5400000, 0x00000006cd000000, 0x000000076c700000)
  object space 126976K, 17% used [0x00000006c5400000,0x00000006c6a51180,0x00000006cd000000)
 Metaspace       used 28932K, capacity 29582K, committed 30080K, reserved 1075200K
  class space    used 3448K, capacity 3585K, committed 3712K, reserved 1048576K
GC Heap History (10 events):
Event: 2.661 GC heap before
{Heap before GC invocations=3 (full 0):
 PSYoungGen      total 75264K, used 72286K [0x000000076c700000, 0x0000000775a00000, 0x00000007c0000000)
  eden space 64512K, 100% used [0x000000076c700000,0x0000000770600000,0x0000000770600000)
  from space 10752K, 72% used [0x0000000771080000,0x00000007718179c8,0x0000000771b00000)
  to   space 10752K, 0% used [0x0000000770600000,0x0000000770600000,0x0000000771080000)
 ParOldGen       total 172032K, used 24K [0x00000006c5400000, 0x00000006cfc00000, 0x000000076c700000)
  object space 172032K, 0% used [0x00000006c5400000,0x00000006c5406000,0x00000006cfc00000)
 Metaspace       used 14639K, capacity 14990K, committed 15104K, reserved 1062912K
  class space    used 1668K, capacity 1726K, committed 1792K, reserved 1048576K
Event: 2.675 GC heap after
Heap after GC invocations=3 (full 0):
 PSYoungGen      total 75264K, used 9184K [0x000000076c700000, 0x0000000775a00000, 0x00000007c0000000)
  eden space 64512K, 0% used [0x000000076c700000,0x000000076c700000,0x0000000770600000)
  from space 10752K, 85% used [0x0000000770600000,0x0000000770ef8020,0x0000000771080000)
  to   space 10752K, 0% used [0x0000000774f80000,0x0000000774f80000,0x0000000775a00000)
 ParOldGen       total 172032K, used 32K [0x00000006c5400000, 0x00000006cfc00000, 0x000000076c700000)
  object space 172032K, 0% used [0x00000006c5400000,0x00000006c5408000,0x00000006cfc00000)
 Metaspace       used 14639K, capacity 14990K, committed 15104K, reserved 1062912K
  class space    used 1668K, capacity 1726K, committed 1792K, reserved 1048576K
}
Event: 3.202 GC heap before
{Heap before GC invocations=4 (full 0):
 PSYoungGen      total 75264K, used 73672K [0x000000076c700000, 0x0000000775a00000, 0x00000007c0000000)
  eden space 64512K, 99% used [0x000000076c700000,0x00000007705fa018,0x0000000770600000)
  from space 10752K, 85% used [0x0000000770600000,0x0000000770ef8020,0x0000000771080000)
  to   space 10752K, 0% used [0x0000000774f80000,0x0000000774f80000,0x0000000775a00000)
 ParOldGen       total 172032K, used 32K [0x00000006c5400000, 0x00000006cfc00000, 0x000000076c700000)
  object space 172032K, 0% used [0x00000006c5400000,0x00000006c5408000,0x00000006cfc00000)
 Metaspace       used 19066K, capacity 19586K, committed 19840K, reserved 1067008K
  class space    used 2219K, capacity 2361K, committed 2432K, reserved 1048576K
Event: 3.222 GC heap after
Heap after GC invocations=4 (full 0):
 PSYoungGen      total 139776K, used 10744K [0x000000076c700000, 0x0000000775a00000, 0x00000007c0000000)
  eden space 129024K, 0% used [0x000000076c700000,0x000000076c700000,0x0000000774500000)
  from space 10752K, 99% used [0x0000000774f80000,0x00000007759fe200,0x0000000775a00000)
  to   space 10752K, 0% used [0x0000000774500000,0x0000000774500000,0x0000000774f80000)
 ParOldGen       total 172032K, used 1503K [0x00000006c5400000, 0x00000006cfc00000, 0x000000076c700000)
  object space 172032K, 0% used [0x00000006c5400000,0x00000006c5577d00,0x00000006cfc00000)
 Metaspace       used 19066K, capacity 19586K, committed 19840K, reserved 1067008K
  class space    used 2219K, capacity 2361K, committed 2432K, reserved 1048576K
}
Event: 3.673 GC heap before
{Heap before GC invocations=5 (full 0):
 PSYoungGen      total 139776K, used 58385K [0x000000076c700000, 0x0000000775a00000, 0x00000007c0000000)
  eden space 129024K, 36% used [0x000000076c700000,0x000000076f586538,0x0000000774500000)
  from space 10752K, 99% used [0x0000000774f80000,0x00000007759fe200,0x0000000775a00000)
  to   space 10752K, 0% used [0x0000000774500000,0x0000000774500000,0x0000000774f80000)
 ParOldGen       total 172032K, used 1503K [0x00000006c5400000, 0x00000006cfc00000, 0x000000076c700000)
  object space 172032K, 0% used [0x00000006c5400000,0x00000006c5577d00,0x00000006cfc00000)
 Metaspace       used 20657K, capacity 21122K, committed 21248K, reserved 1069056K
  class space    used 2373K, capacity 2489K, committed 2560K, reserved 1048576K
Event: 3.712 GC heap after
Heap after GC invocations=5 (full 0):
 PSYoungGen      total 139776K, used 10733K [0x000000076c700000, 0x000000077ec00000, 0x00000007c0000000)
  eden space 129024K, 0% used [0x000000076c700000,0x000000076c700000,0x0000000774500000)
  from space 10752K, 99% used [0x0000000774500000,0x0000000774f7b5f8,0x0000000774f80000)
  to   space 20992K, 0% used [0x000000077d780000,0x000000077d780000,0x000000077ec00000)
 ParOldGen       total 172032K, used 13343K [0x00000006c5400000, 0x00000006cfc00000, 0x000000076c700000)
  object space 172032K, 7% used [0x00000006c5400000,0x00000006c6107d28,0x00000006cfc00000)
 Metaspace       used 20657K, capacity 21122K, committed 21248K, reserved 1069056K
  class space    used 2373K, capacity 2489K, committed 2560K, reserved 1048576K
}
Event: 3.712 GC heap before
{Heap before GC invocations=6 (full 1):
 PSYoungGen      total 139776K, used 10733K [0x000000076c700000, 0x000000077ec00000, 0x00000007c0000000)
  eden space 129024K, 0% used [0x000000076c700000,0x000000076c700000,0x0000000774500000)
  from space 10752K, 99% used [0x0000000774500000,0x0000000774f7b5f8,0x0000000774f80000)
  to   space 20992K, 0% used [0x000000077d780000,0x000000077d780000,0x000000077ec00000)
 ParOldGen       total 172032K, used 13343K [0x00000006c5400000, 0x00000006cfc00000, 0x000000076c700000)
  object space 172032K, 7% used [0x00000006c5400000,0x00000006c6107d28,0x00000006cfc00000)
 Metaspace       used 20657K, capacity 21122K, committed 21248K, reserved 1069056K
  class space    used 2373K, capacity 2489K, committed 2560K, reserved 1048576K
Event: 3.830 GC heap after
Heap after GC invocations=6 (full 1):
 PSYoungGen      total 139776K, used 0K [0x000000076c700000, 0x000000077ec00000, 0x00000007c0000000)
  eden space 129024K, 0% used [0x000000076c700000,0x000000076c700000,0x0000000774500000)
  from space 10752K, 0% used [0x0000000774500000,0x0000000774500000,0x0000000774f80000)
  to   space 20992K, 0% used [0x000000077d780000,0x000000077d780000,0x000000077ec00000)
 ParOldGen       total 126976K, used 22844K [0x00000006c5400000, 0x00000006cd000000, 0x000000076c700000)
  object space 126976K, 17% used [0x00000006c5400000,0x00000006c6a4f180,0x00000006cd000000)
 Metaspace       used 20657K, capacity 21122K, committed 21248K, reserved 1069056K
  class space    used 2373K, capacity 2489K, committed 2560K, reserved 1048576K
}
Event: 4.819 GC heap before
{Heap before GC invocations=7 (full 1):
 PSYoungGen      total 139776K, used 129024K [0x000000076c700000, 0x000000077ec00000, 0x00000007c0000000)
  eden space 129024K, 100% used [0x000000076c700000,0x0000000774500000,0x0000000774500000)
  from space 10752K, 0% used [0x0000000774500000,0x0000000774500000,0x0000000774f80000)
  to   space 20992K, 0% used [0x000000077d780000,0x000000077d780000,0x000000077ec00000)
 ParOldGen       total 126976K, used 22844K [0x00000006c5400000, 0x00000006cd000000, 0x000000076c700000)
  object space 126976K, 17% used [0x00000006c5400000,0x00000006c6a4f180,0x00000006cd000000)
 Metaspace       used 26095K, capacity 26800K, committed 27136K, reserved 1073152K
  class space    used 3087K, capacity 3260K, committed 3328K, reserved 1048576K
Event: 4.834 GC heap after
Heap after GC invocations=7 (full 1):
 PSYoungGen      total 202240K, used 10073K [0x000000076c700000, 0x000000077e180000, 0x00000007c0000000)
  eden space 192000K, 0% used [0x000000076c700000,0x000000076c700000,0x0000000778280000)
  from space 10240K, 98% used [0x000000077d780000,0x000000077e156768,0x000000077e180000)
  to   space 19968K, 0% used [0x000000077ba80000,0x000000077ba80000,0x000000077ce00000)
 ParOldGen       total 126976K, used 22852K [0x00000006c5400000, 0x00000006cd000000, 0x000000076c700000)
  object space 126976K, 17% used [0x00000006c5400000,0x00000006c6a51180,0x00000006cd000000)
 Metaspace       used 26095K, capacity 26800K, committed 27136K, reserved 1073152K
  class space    used 3087K, capacity 3260K, committed 3328K, reserved 1048576K
}

